2022-04-21 09:58:21,994 DEBUG [Main.lambda$run$0] Arguments: [-ioc, C:\Users\lukas\Documents\arm_firmware\universal_joint_3.2_MC5Y3_RI80\universal_joint_3.2_MC5Y3_RI80.ioc, -xdm, C:\Users\lukas\Documents\arm_firmware\universal_joint_3.2_MC5Y3_RI80\universal_joint_3.2_MC5Y3_RI80.wb_def]
2022-04-21 09:58:22,000 DEBUG [ArgsValue.readPropertiesFile] [AppConfig] pack.source = "C:\Program Files (x86)\STMicroelectronics\MC_SDK_5.Y.3\Middlewares\ST\MotorControl" 
2022-04-21 09:58:22,001 DEBUG [ArgsValue.readPropertiesFile] [UserConfig] do not exist in "C:\Users\lukas\.st_motor_control\wb2mx.properties" 
2022-04-21 09:58:22,001 DEBUG [ArgsValue.getConfigProperties] pack.source = "../../../../Middlewares/ST/MotorControl"
2022-04-21 09:58:22,012 DEBUG [ArgsValue.lambda$retrieve$2] CLI_ARG[xdm]: C:\Users\lukas\Documents\arm_firmware\universal_joint_3.2_MC5Y3_RI80\universal_joint_3.2_MC5Y3_RI80.wb_def
2022-04-21 09:58:22,012 DEBUG [ArgsValue.lambda$retrieve$2] CLI_ARG[ioc]: C:\Users\lukas\Documents\arm_firmware\universal_joint_3.2_MC5Y3_RI80\universal_joint_3.2_MC5Y3_RI80.ioc
2022-04-21 09:58:22,014 DEBUG [ArgsValue.retrieve] {xdm=C:\Users\lukas\Documents\arm_firmware\universal_joint_3.2_MC5Y3_RI80\universal_joint_3.2_MC5Y3_RI80.wb_def, updftl=templates/wb_ioc_mc-middleware.ftl, mx_timeout=-1, exp=templates/wb-defines_where_and_what.txt, ioc=C:\Users\lukas\Documents\arm_firmware\universal_joint_3.2_MC5Y3_RI80\universal_joint_3.2_MC5Y3_RI80.ioc, pack=../../../../Middlewares/ST/MotorControl, ftl=templates/wb_ioc_template.ftl}
2022-04-21 09:58:22,087 DEBUG [Main.run] Targeted MCU family = G4
2022-04-21 09:58:22,129 DEBUG [Main.run] Minimum associated CubeMx to the `G4` targeted MCU family is `5.2.0-a0`
2022-04-21 09:58:22,151 DEBUG [WindowsCubeMxFinder.lambda$findThem$2] Found 64-bit subkey HKEY_LOCAL_MACHINE\~~~\Uninstall\STM32CubeMX
2022-04-21 09:58:22,153 DEBUG [WindowsCubeMxFinder.lambda$findThem$2] Found 64-bit subkey HKEY_LOCAL_MACHINE\~~~\Uninstall\STM32CubeMX(1)
2022-04-21 09:58:22,154 DEBUG [WindowsCubeMxFinder.lambda$findThem$2] Found 64-bit subkey HKEY_LOCAL_MACHINE\~~~\Uninstall\STM32CubeMX(2)
2022-04-21 09:58:22,164 DEBUG [CubeMxCtx.EXE_version] Loaded path: 'C:\ST\STM32CubeMX_6.3.0\STM32CubeMX.exe'
2022-04-21 09:58:22,164 DEBUG [CubeMxCtx.EXE_version] Loaded updater jar: 'C:\ST\STM32CubeMX_6.3.0\plugins\updater.jar'
2022-04-21 09:58:22,170 DEBUG [CubeMxCtx.EXE_version] Loaded path: 'C:\Program Files\STMicroelectronics\STM32Cube\STM32CubeMX_6.5\STM32CubeMX.exe'
2022-04-21 09:58:22,170 DEBUG [CubeMxCtx.EXE_version] Loaded updater jar: 'C:\Program Files\STMicroelectronics\STM32Cube\STM32CubeMX_6.5\plugins\updater.jar'
2022-04-21 09:58:22,173 DEBUG [CubeMxCtx.EXE_version] Loaded path: 'C:\Program Files\STMicroelectronics\STM32Cube\STM32CubeMX_6.4\STM32CubeMX.exe'
2022-04-21 09:58:22,173 DEBUG [CubeMxCtx.EXE_version] Loaded updater jar: 'C:\Program Files\STMicroelectronics\STM32Cube\STM32CubeMX_6.4\plugins\updater.jar'
2022-04-21 09:58:22,196 DEBUG [CubeMxCtx.EXE_version] Loaded path: 'C:\ST\STM32CubeMX_6.3.0\STM32CubeMX.exe'
2022-04-21 09:58:22,196 DEBUG [CubeMxCtx.EXE_version] Loaded updater jar: 'C:\ST\STM32CubeMX_6.3.0\plugins\updater.jar'
2022-04-21 09:58:22,199 DEBUG [CubeMxCtx.EXE_version] Loaded path: 'C:\Program Files\STMicroelectronics\STM32Cube\STM32CubeMX_6.5\STM32CubeMX.exe'
2022-04-21 09:58:22,199 DEBUG [CubeMxCtx.EXE_version] Loaded updater jar: 'C:\Program Files\STMicroelectronics\STM32Cube\STM32CubeMX_6.5\plugins\updater.jar'
2022-04-21 09:58:22,201 DEBUG [CubeMxCtx.EXE_version] Loaded path: 'C:\Program Files\STMicroelectronics\STM32Cube\STM32CubeMX_6.4\STM32CubeMX.exe'
2022-04-21 09:58:22,201 DEBUG [CubeMxCtx.EXE_version] Loaded updater jar: 'C:\Program Files\STMicroelectronics\STM32Cube\STM32CubeMX_6.4\plugins\updater.jar'
2022-04-21 09:58:22,226 DEBUG [CubeMxCtx.EXE_version] Loaded path: 'C:\ST\STM32CubeMX_6.3.0\STM32CubeMX.exe'
2022-04-21 09:58:22,226 DEBUG [CubeMxCtx.EXE_version] Loaded updater jar: 'C:\ST\STM32CubeMX_6.3.0\plugins\updater.jar'
2022-04-21 09:58:22,228 DEBUG [CubeMxCtx.EXE_version] Loaded path: 'C:\Program Files\STMicroelectronics\STM32Cube\STM32CubeMX_6.5\STM32CubeMX.exe'
2022-04-21 09:58:22,228 DEBUG [CubeMxCtx.EXE_version] Loaded updater jar: 'C:\Program Files\STMicroelectronics\STM32Cube\STM32CubeMX_6.5\plugins\updater.jar'
2022-04-21 09:58:22,231 DEBUG [CubeMxCtx.EXE_version] Loaded path: 'C:\Program Files\STMicroelectronics\STM32Cube\STM32CubeMX_6.4\STM32CubeMX.exe'
2022-04-21 09:58:22,231 DEBUG [CubeMxCtx.EXE_version] Loaded updater jar: 'C:\Program Files\STMicroelectronics\STM32Cube\STM32CubeMX_6.4\plugins\updater.jar'
2022-04-21 09:58:27,256 WARN  [Main.lambda$run$0] Aborted by the user
2022-04-21 09:58:27,456 DEBUG [Main.lambda$run$0] System exists with return code 4
